09-Apr-2026 07:13:21.695 INFO [main] org.apache.catalina.startup.VersionLoggerListener.log Server version name:   Apache Tomcat/10.1.42
09-Apr-2026 07:13:21.700 INFO [main] org.apache.catalina.startup.VersionLoggerListener.log Server built:          Jun 5 2025 22:35:46 UTC
09-Apr-2026 07:13:21.700 INFO [main] org.apache.catalina.startup.VersionLoggerListener.log Server version number: 10.1.42.0
09-Apr-2026 07:13:21.700 INFO [main] org.apache.catalina.startup.VersionLoggerListener.log OS Name:               Linux
09-Apr-2026 07:13:21.700 INFO [main] org.apache.catalina.startup.VersionLoggerListener.log OS Version:            6.8.0-1044-azure
09-Apr-2026 07:13:21.701 INFO [main] org.apache.catalina.startup.VersionLoggerListener.log Architecture:          amd64
09-Apr-2026 07:13:21.701 INFO [main] org.apache.catalina.startup.VersionLoggerListener.log Java Home:             /usr/local/sdkman/candidates/java/25.0.1-ms
09-Apr-2026 07:13:21.701 INFO [main] org.apache.catalina.startup.VersionLoggerListener.log JVM Version:           25.0.1+8-LTS
09-Apr-2026 07:13:21.701 INFO [main] org.apache.catalina.startup.VersionLoggerListener.log JVM Vendor:            Microsoft
09-Apr-2026 07:13:21.702 INFO [main] org.apache.catalina.startup.VersionLoggerListener.log CATALINA_BASE:         /workspaces/tomcat/apache-tomcat-10.1.42
09-Apr-2026 07:13:21.702 INFO [main] org.apache.catalina.startup.VersionLoggerListener.log CATALINA_HOME:         /workspaces/tomcat/apache-tomcat-10.1.42
09-Apr-2026 07:13:21.930 INFO [main] org.apache.catalina.startup.VersionLoggerListener.log Command line argument: -Djava.util.logging.config.file=/workspaces/tomcat/apache-tomcat-10.1.42/conf/logging.properties
09-Apr-2026 07:13:21.930 INFO [main] org.apache.catalina.startup.VersionLoggerListener.log Command line argument: -Djava.util.logging.manager=org.apache.juli.ClassLoaderLogManager
09-Apr-2026 07:13:21.930 INFO [main] org.apache.catalina.startup.VersionLoggerListener.log Command line argument: -Djdk.tls.ephemeralDHKeySize=2048
09-Apr-2026 07:13:21.930 INFO [main] org.apache.catalina.startup.VersionLoggerListener.log Command line argument: -Djava.protocol.handler.pkgs=org.apache.catalina.webresources
09-Apr-2026 07:13:21.931 INFO [main] org.apache.catalina.startup.VersionLoggerListener.log Command line argument: -Dsun.io.useCanonCaches=false
09-Apr-2026 07:13:21.931 INFO [main] org.apache.catalina.startup.VersionLoggerListener.log Command line argument: -Dorg.apache.catalina.security.SecurityListener.UMASK=0027
09-Apr-2026 07:13:21.932 INFO [main] org.apache.catalina.startup.VersionLoggerListener.log Command line argument: --add-opens=java.base/java.lang=ALL-UNNAMED
09-Apr-2026 07:13:21.932 INFO [main] org.apache.catalina.startup.VersionLoggerListener.log Command line argument: --add-opens=java.base/java.lang.reflect=ALL-UNNAMED
09-Apr-2026 07:13:21.932 INFO [main] org.apache.catalina.startup.VersionLoggerListener.log Command line argument: --add-opens=java.base/java.io=ALL-UNNAMED
09-Apr-2026 07:13:21.933 INFO [main] org.apache.catalina.startup.VersionLoggerListener.log Command line argument: --add-opens=java.base/java.util=ALL-UNNAMED
09-Apr-2026 07:13:21.933 INFO [main] org.apache.catalina.startup.VersionLoggerListener.log Command line argument: --add-opens=java.base/java.util.concurrent=ALL-UNNAMED
09-Apr-2026 07:13:21.933 INFO [main] org.apache.catalina.startup.VersionLoggerListener.log Command line argument: --add-opens=java.rmi/sun.rmi.transport=ALL-UNNAMED
09-Apr-2026 07:13:21.939 INFO [main] org.apache.catalina.startup.VersionLoggerListener.log Command line argument: -Dcatalina.base=/workspaces/tomcat/apache-tomcat-10.1.42
09-Apr-2026 07:13:21.939 INFO [main] org.apache.catalina.startup.VersionLoggerListener.log Command line argument: -Dcatalina.home=/workspaces/tomcat/apache-tomcat-10.1.42
09-Apr-2026 07:13:21.940 INFO [main] org.apache.catalina.startup.VersionLoggerListener.log Command line argument: -Djava.io.tmpdir=/workspaces/tomcat/apache-tomcat-10.1.42/temp
WARNING: A restricted method in java.lang.System has been called
WARNING: java.lang.System::load has been called by org.apache.tomcat.jni.Library in an unnamed module (file:/workspaces/tomcat/apache-tomcat-10.1.42/lib/tomcat-jni.jar)
WARNING: Use --enable-native-access=ALL-UNNAMED to avoid a warning for callers in this module
WARNING: Restricted methods will be blocked in a future release unless native access is enabled

09-Apr-2026 07:13:21.947 INFO [main] org.apache.catalina.core.AprLifecycleListener.lifecycleEvent The Apache Tomcat Native library which allows using OpenSSL was not found on the java.library.path: [/usr/java/packages/lib:/usr/lib64:/lib64:/lib:/usr/lib]
09-Apr-2026 07:13:22.633 INFO [main] org.apache.coyote.AbstractProtocol.init Initializing ProtocolHandler ["http-nio-8080"]
09-Apr-2026 07:13:22.691 INFO [main] org.apache.catalina.startup.Catalina.load Server initialization in [2976] milliseconds
09-Apr-2026 07:13:22.740 INFO [main] org.apache.catalina.core.StandardService.startInternal Starting service [Catalina]
09-Apr-2026 07:13:22.740 INFO [main] org.apache.catalina.core.StandardEngine.startInternal Starting Servlet engine: [Apache Tomcat/10.1.42]
09-Apr-2026 07:13:22.751 INFO [main] org.apache.catalina.startup.HostConfig.deployDirectory Deploying web application directory [/workspaces/tomcat/apache-tomcat-10.1.42/webapps/docs]
09-Apr-2026 07:13:23.969 INFO [main] org.apache.catalina.startup.HostConfig.deployDirectory Deployment of web application directory [/workspaces/tomcat/apache-tomcat-10.1.42/webapps/docs] has finished in [1,214] ms
09-Apr-2026 07:13:23.970 INFO [main] org.apache.catalina.startup.HostConfig.deployDirectory Deploying web application directory [/workspaces/tomcat/apache-tomcat-10.1.42/webapps/examples]
09-Apr-2026 07:13:24.908 INFO [main] org.apache.catalina.startup.HostConfig.deployDirectory Deployment of web application directory [/workspaces/tomcat/apache-tomcat-10.1.42/webapps/examples] has finished in [938] ms
09-Apr-2026 07:13:24.918 INFO [main] org.apache.catalina.startup.HostConfig.deployDirectory Deploying web application directory [/workspaces/tomcat/apache-tomcat-10.1.42/webapps/manager]
09-Apr-2026 07:13:25.015 INFO [main] org.apache.catalina.startup.HostConfig.deployDirectory Deployment of web application directory [/workspaces/tomcat/apache-tomcat-10.1.42/webapps/manager] has finished in [97] ms
09-Apr-2026 07:13:25.015 INFO [main] org.apache.catalina.startup.HostConfig.deployDirectory Deploying web application directory [/workspaces/tomcat/apache-tomcat-10.1.42/webapps/host-manager]
09-Apr-2026 07:13:25.068 INFO [main] org.apache.catalina.startup.HostConfig.deployDirectory Deployment of web application directory [/workspaces/tomcat/apache-tomcat-10.1.42/webapps/host-manager] has finished in [52] ms
09-Apr-2026 07:13:25.070 INFO [main] org.apache.catalina.startup.HostConfig.deployDirectory Deploying web application directory [/workspaces/tomcat/apache-tomcat-10.1.42/webapps/ROOT]
09-Apr-2026 07:13:25.100 INFO [main] org.apache.catalina.startup.HostConfig.deployDirectory Deployment of web application directory [/workspaces/tomcat/apache-tomcat-10.1.42/webapps/ROOT] has finished in [30] ms
09-Apr-2026 07:13:25.101 INFO [main] org.apache.catalina.startup.HostConfig.deployDirectory Deploying web application directory [/workspaces/tomcat/apache-tomcat-10.1.42/webapps/testapp]
09-Apr-2026 07:13:25.180 INFO [main] org.apache.catalina.startup.HostConfig.deployDirectory Deployment of web application directory [/workspaces/tomcat/apache-tomcat-10.1.42/webapps/testapp] has finished in [78] ms
09-Apr-2026 07:13:25.195 INFO [main] org.apache.coyote.AbstractProtocol.start Starting ProtocolHandler ["http-nio-8080"]
09-Apr-2026 07:13:25.235 INFO [main] org.apache.catalina.startup.Catalina.start Server startup in [2543] milliseconds
09-Apr-2026 07:21:09.656 INFO [main] org.apache.catalina.core.StandardServer.await A valid shutdown command was received via the shutdown port. Stopping the Server instance.
09-Apr-2026 07:21:09.657 INFO [main] org.apache.coyote.AbstractProtocol.pause Pausing ProtocolHandler ["http-nio-8080"]
09-Apr-2026 07:21:09.665 INFO [main] org.apache.catalina.core.StandardService.stopInternal Stopping service [Catalina]
09-Apr-2026 07:21:09.780 WARNING [main] org.apache.catalina.loader.WebappClassLoaderBase.clearReferencesJdbc The web application [testapp] registered the JDBC driver [org.h2.Driver] but failed to unregister it when the web application was stopped. To prevent a memory leak, the JDBC Driver has been forcibly unregistered.
09-Apr-2026 07:21:09.793 INFO [main] org.apache.coyote.AbstractProtocol.stop Stopping ProtocolHandler ["http-nio-8080"]
09-Apr-2026 07:21:09.809 INFO [main] org.apache.coyote.AbstractProtocol.destroy Destroying ProtocolHandler ["http-nio-8080"]
09-Apr-2026 07:21:10.378 INFO [main] org.apache.catalina.startup.VersionLoggerListener.log Server version name:   Apache Tomcat/10.1.42
09-Apr-2026 07:21:10.383 INFO [main] org.apache.catalina.startup.VersionLoggerListener.log Server built:          Jun 5 2025 22:35:46 UTC
09-Apr-2026 07:21:10.383 INFO [main] org.apache.catalina.startup.VersionLoggerListener.log Server version number: 10.1.42.0
09-Apr-2026 07:21:10.384 INFO [main] org.apache.catalina.startup.VersionLoggerListener.log OS Name:               Linux
09-Apr-2026 07:21:10.384 INFO [main] org.apache.catalina.startup.VersionLoggerListener.log OS Version:            6.8.0-1044-azure
09-Apr-2026 07:21:10.384 INFO [main] org.apache.catalina.startup.VersionLoggerListener.log Architecture:          amd64
09-Apr-2026 07:21:10.384 INFO [main] org.apache.catalina.startup.VersionLoggerListener.log Java Home:             /usr/local/sdkman/candidates/java/25.0.1-ms
09-Apr-2026 07:21:10.384 INFO [main] org.apache.catalina.startup.VersionLoggerListener.log JVM Version:           25.0.1+8-LTS
09-Apr-2026 07:21:10.386 INFO [main] org.apache.catalina.startup.VersionLoggerListener.log JVM Vendor:            Microsoft
09-Apr-2026 07:21:10.386 INFO [main] org.apache.catalina.startup.VersionLoggerListener.log CATALINA_BASE:         /workspaces/tomcat/apache-tomcat-10.1.42
09-Apr-2026 07:21:10.386 INFO [main] org.apache.catalina.startup.VersionLoggerListener.log CATALINA_HOME:         /workspaces/tomcat/apache-tomcat-10.1.42
09-Apr-2026 07:21:10.403 INFO [main] org.apache.catalina.startup.VersionLoggerListener.log Command line argument: -Djava.util.logging.config.file=/workspaces/tomcat/apache-tomcat-10.1.42/conf/logging.properties
09-Apr-2026 07:21:10.405 INFO [main] org.apache.catalina.startup.VersionLoggerListener.log Command line argument: -Djava.util.logging.manager=org.apache.juli.ClassLoaderLogManager
09-Apr-2026 07:21:10.405 INFO [main] org.apache.catalina.startup.VersionLoggerListener.log Command line argument: -Djdk.tls.ephemeralDHKeySize=2048
09-Apr-2026 07:21:10.405 INFO [main] org.apache.catalina.startup.VersionLoggerListener.log Command line argument: -Djava.protocol.handler.pkgs=org.apache.catalina.webresources
09-Apr-2026 07:21:10.405 INFO [main] org.apache.catalina.startup.VersionLoggerListener.log Command line argument: -Dsun.io.useCanonCaches=false
09-Apr-2026 07:21:10.405 INFO [main] org.apache.catalina.startup.VersionLoggerListener.log Command line argument: -Dorg.apache.catalina.security.SecurityListener.UMASK=0027
09-Apr-2026 07:21:10.405 INFO [main] org.apache.catalina.startup.VersionLoggerListener.log Command line argument: --add-opens=java.base/java.lang=ALL-UNNAMED
09-Apr-2026 07:21:10.406 INFO [main] org.apache.catalina.startup.VersionLoggerListener.log Command line argument: --add-opens=java.base/java.lang.reflect=ALL-UNNAMED
09-Apr-2026 07:21:10.408 INFO [main] org.apache.catalina.startup.VersionLoggerListener.log Command line argument: --add-opens=java.base/java.io=ALL-UNNAMED
09-Apr-2026 07:21:10.408 INFO [main] org.apache.catalina.startup.VersionLoggerListener.log Command line argument: --add-opens=java.base/java.util=ALL-UNNAMED
09-Apr-2026 07:21:10.408 INFO [main] org.apache.catalina.startup.VersionLoggerListener.log Command line argument: --add-opens=java.base/java.util.concurrent=ALL-UNNAMED
09-Apr-2026 07:21:10.408 INFO [main] org.apache.catalina.startup.VersionLoggerListener.log Command line argument: --add-opens=java.rmi/sun.rmi.transport=ALL-UNNAMED
09-Apr-2026 07:21:10.408 INFO [main] org.apache.catalina.startup.VersionLoggerListener.log Command line argument: -Dcatalina.base=/workspaces/tomcat/apache-tomcat-10.1.42
09-Apr-2026 07:21:10.409 INFO [main] org.apache.catalina.startup.VersionLoggerListener.log Command line argument: -Dcatalina.home=/workspaces/tomcat/apache-tomcat-10.1.42
09-Apr-2026 07:21:10.409 INFO [main] org.apache.catalina.startup.VersionLoggerListener.log Command line argument: -Djava.io.tmpdir=/workspaces/tomcat/apache-tomcat-10.1.42/temp
WARNING: A restricted method in java.lang.System has been called
WARNING: java.lang.System::load has been called by org.apache.tomcat.jni.Library in an unnamed module (file:/workspaces/tomcat/apache-tomcat-10.1.42/lib/tomcat-jni.jar)
WARNING: Use --enable-native-access=ALL-UNNAMED to avoid a warning for callers in this module
WARNING: Restricted methods will be blocked in a future release unless native access is enabled

09-Apr-2026 07:21:10.416 INFO [main] org.apache.catalina.core.AprLifecycleListener.lifecycleEvent The Apache Tomcat Native library which allows using OpenSSL was not found on the java.library.path: [/usr/java/packages/lib:/usr/lib64:/lib64:/lib:/usr/lib]
09-Apr-2026 07:21:10.913 INFO [main] org.apache.coyote.AbstractProtocol.init Initializing ProtocolHandler ["http-nio-8080"]
09-Apr-2026 07:21:10.941 INFO [main] org.apache.catalina.startup.Catalina.load Server initialization in [845] milliseconds
09-Apr-2026 07:21:10.984 INFO [main] org.apache.catalina.core.StandardService.startInternal Starting service [Catalina]
09-Apr-2026 07:21:10.985 INFO [main] org.apache.catalina.core.StandardEngine.startInternal Starting Servlet engine: [Apache Tomcat/10.1.42]
09-Apr-2026 07:21:10.994 INFO [main] org.apache.catalina.startup.HostConfig.deployDirectory Deploying web application directory [/workspaces/tomcat/apache-tomcat-10.1.42/webapps/docs]
09-Apr-2026 07:21:11.437 INFO [main] org.apache.catalina.startup.HostConfig.deployDirectory Deployment of web application directory [/workspaces/tomcat/apache-tomcat-10.1.42/webapps/docs] has finished in [439] ms
09-Apr-2026 07:21:11.438 INFO [main] org.apache.catalina.startup.HostConfig.deployDirectory Deploying web application directory [/workspaces/tomcat/apache-tomcat-10.1.42/webapps/examples]
09-Apr-2026 07:21:11.889 INFO [main] org.apache.catalina.startup.HostConfig.deployDirectory Deployment of web application directory [/workspaces/tomcat/apache-tomcat-10.1.42/webapps/examples] has finished in [451] ms
09-Apr-2026 07:21:11.890 INFO [main] org.apache.catalina.startup.HostConfig.deployDirectory Deploying web application directory [/workspaces/tomcat/apache-tomcat-10.1.42/webapps/manager]
09-Apr-2026 07:21:11.919 INFO [main] org.apache.catalina.startup.HostConfig.deployDirectory Deployment of web application directory [/workspaces/tomcat/apache-tomcat-10.1.42/webapps/manager] has finished in [29] ms
09-Apr-2026 07:21:11.922 INFO [main] org.apache.catalina.startup.HostConfig.deployDirectory Deploying web application directory [/workspaces/tomcat/apache-tomcat-10.1.42/webapps/host-manager]
09-Apr-2026 07:21:11.942 INFO [main] org.apache.catalina.startup.HostConfig.deployDirectory Deployment of web application directory [/workspaces/tomcat/apache-tomcat-10.1.42/webapps/host-manager] has finished in [20] ms
09-Apr-2026 07:21:11.943 INFO [main] org.apache.catalina.startup.HostConfig.deployDirectory Deploying web application directory [/workspaces/tomcat/apache-tomcat-10.1.42/webapps/ROOT]
09-Apr-2026 07:21:11.963 INFO [main] org.apache.catalina.startup.HostConfig.deployDirectory Deployment of web application directory [/workspaces/tomcat/apache-tomcat-10.1.42/webapps/ROOT] has finished in [19] ms
09-Apr-2026 07:21:11.963 INFO [main] org.apache.catalina.startup.HostConfig.deployDirectory Deploying web application directory [/workspaces/tomcat/apache-tomcat-10.1.42/webapps/testapp]
09-Apr-2026 07:21:12.015 INFO [main] org.apache.catalina.startup.HostConfig.deployDirectory Deployment of web application directory [/workspaces/tomcat/apache-tomcat-10.1.42/webapps/testapp] has finished in [51] ms
09-Apr-2026 07:21:12.019 INFO [main] org.apache.coyote.AbstractProtocol.start Starting ProtocolHandler ["http-nio-8080"]
09-Apr-2026 07:21:12.046 INFO [main] org.apache.catalina.startup.Catalina.start Server startup in [1103] milliseconds
